<html>
<head>
<title>TestNG:  Test</title>
<link href="../testng.css" rel="stylesheet" type="text/css" />
<link href="../my-testng.css" rel="stylesheet" type="text/css" />

<style type="text/css">
.log { display: none;} 
.stack-trace { display: none;} 
</style>
<script type="text/javascript">
<!--
function flip(e) {
  current = e.style.display;
  if (current == 'block') {
    e.style.display = 'none';
    return 0;
  }
  else {
    e.style.display = 'block';
    return 1;
  }
}

function toggleBox(szDivId, elem, msg1, msg2)
{
  var res = -1;  if (document.getElementById) {
    res = flip(document.getElementById(szDivId));
  }
  else if (document.all) {
    // this is the way old msie versions work
    res = flip(document.all[szDivId]);
  }
  if(elem) {
    if(res == 0) elem.innerHTML = msg1; else elem.innerHTML = msg2;
  }

}

function toggleAllBoxes() {
  if (document.getElementsByTagName) {
    d = document.getElementsByTagName('div');
    for (i = 0; i < d.length; i++) {
      if (d[i].className == 'log') {
        flip(d[i]);
      }
    }
  }
}

// -->
</script>

</head>
<body>
<h2 align='center'>Test</h2><table border='1' align="center">
<tr>
<td>Tests passed/Failed/Skipped:</td><td>15/5/0</td>
</tr><tr>
<td>Started on:</td><td>Sun Jul 12 16:23:58 IST 2020</td>
</tr>
<tr><td>Total time:</td><td>135 seconds (135192 ms)</td>
</tr><tr>
<td>Included groups:</td><td></td>
</tr><tr>
<td>Excluded groups:</td><td></td>
</tr>
</table><p/>
<small><i>(Hover the method name to see the test class name)</i></small><p/>
<table width='100%' border='1' class='invocation-failed'>
<tr><td colspan='4' align='center'><b>FAILED TESTS</b></td></tr>
<tr><td><b>Test method</b></td>
<td width="30%"><b>Exception</b></td>
<td width="10%"><b>Time (seconds)</b></td>
<td><b>Instance</b></td>
</tr>
<tr>
<td title='org.runner.Runner.runScenario()'><b>runScenario</b><br>Test class: org.runner.Runner<br>Test method: Runs Cucumber Scenarios<br>Parameters: "To validate the Adactin Book hotel page", "To validate the Adactin login Funtionality"</td>
<td><div><pre>java.lang.AssertionError: expected [true] but found [false]
	at org.stepdefinition.Adactin_Login.user_is_navigating_to_BookingConfirm_page(Adactin_Login.java:170)
	at ?.User is navigating to BookingConfirm page(src/test/resources/features/AdactinMasterCard.feature:29)
... Removed 4 stack frames</pre></div><a href='#' onClick='toggleBox("stack-trace299162582", this, "Click to show all stack frames", "Click to hide stack frames")'>Click to show all stack frames</a>
<div class='stack-trace' id='stack-trace299162582'><pre>java.lang.AssertionError: expected [true] but found [false]
	at org.testng.Assert.fail(Assert.java:96)
	at org.testng.Assert.failNotEquals(Assert.java:776)
	at org.testng.Assert.assertTrue(Assert.java:44)
	at org.testng.Assert.assertTrue(Assert.java:54)
	at org.stepdefinition.Adactin_Login.user_is_navigating_to_BookingConfirm_page(Adactin_Login.java:170)
	at ?.User is navigating to BookingConfirm page(src/test/resources/features/AdactinMasterCard.feature:29)
</pre></div></td>
<td>4</td>
<td>org.runner.Runner@742ff096</td></tr>
<tr>
<td title='org.runner.Runner.runScenario()'><b>runScenario</b><br>Test class: org.runner.Runner<br>Test method: Runs Cucumber Scenarios<br>Parameters: "To validate the Adactin Book hotel page", "To validate the Adactin login Funtionality"</td>
<td><div><pre>java.lang.AssertionError: expected [true] but found [false]
	at org.stepdefinition.Adactin_Login.user_is_navigating_to_BookingConfirm_page(Adactin_Login.java:170)
	at ?.User is navigating to BookingConfirm page(src/test/resources/features/AdactinOtherCard.feature:29)
... Removed 4 stack frames</pre></div><a href='#' onClick='toggleBox("stack-trace203785427", this, "Click to show all stack frames", "Click to hide stack frames")'>Click to show all stack frames</a>
<div class='stack-trace' id='stack-trace203785427'><pre>java.lang.AssertionError: expected [true] but found [false]
	at org.testng.Assert.fail(Assert.java:96)
	at org.testng.Assert.failNotEquals(Assert.java:776)
	at org.testng.Assert.assertTrue(Assert.java:44)
	at org.testng.Assert.assertTrue(Assert.java:54)
	at org.stepdefinition.Adactin_Login.user_is_navigating_to_BookingConfirm_page(Adactin_Login.java:170)
	at ?.User is navigating to BookingConfirm page(src/test/resources/features/AdactinOtherCard.feature:29)
</pre></div></td>
<td>4</td>
<td>org.runner.Runner@742ff096</td></tr>
<tr>
<td title='org.runner.Runner.runScenario()'><b>runScenario</b><br>Test class: org.runner.Runner<br>Test method: Runs Cucumber Scenarios<br>Parameters: "To validate the Adactin Booking Cofirm page", "To validate the Adactin login Funtionality"</td>
<td><div><pre>org.openqa.selenium.NoSuchElementException: Cannot locate an element using id=order_no
For documentation on this error, please visit: https://www.seleniumhq.org/exceptions/no_such_element.html
Build info: version: &apos;3.141.59&apos;, revision: &apos;e82be7d358&apos;, time: &apos;2018-11-14T08:17:03&apos;
System info: host: &apos;ANUSH&apos;, ip: &apos;192.168.1.3&apos;, os.name: &apos;Windows 8.1&apos;, os.arch: &apos;amd64&apos;, os.version: &apos;6.3&apos;, java.version: &apos;14.0.1&apos;
Driver info: driver.version: RemoteWebDriver
	at org.openqa.selenium.remote.RemoteWebDriver.findElement(RemoteWebDriver.java:327)
	at org.openqa.selenium.remote.RemoteWebDriver.findElementById(RemoteWebDriver.java:372)
	at org.openqa.selenium.By$ById.findElement(By.java:188)
	at org.openqa.selenium.remote.RemoteWebDriver.findElement(RemoteWebDriver.java:315)
	at org.stepdefinition.Adactin_Login.user_get_the_booking_confirmation_order_no(Adactin_Login.java:183)
	at ?.User get the booking confirmation order no(src/test/resources/features/AdactinOtherCard.feature:37)
</pre></div><a href='#' onClick='toggleBox("stack-trace1204030294", this, "Click to show all stack frames", "Click to hide stack frames")'>Click to show all stack frames</a>
<div class='stack-trace' id='stack-trace1204030294'><pre>org.openqa.selenium.NoSuchElementException: Cannot locate an element using id=order_no
For documentation on this error, please visit: https://www.seleniumhq.org/exceptions/no_such_element.html
Build info: version: &apos;3.141.59&apos;, revision: &apos;e82be7d358&apos;, time: &apos;2018-11-14T08:17:03&apos;
System info: host: &apos;ANUSH&apos;, ip: &apos;192.168.1.3&apos;, os.name: &apos;Windows 8.1&apos;, os.arch: &apos;amd64&apos;, os.version: &apos;6.3&apos;, java.version: &apos;14.0.1&apos;
Driver info: driver.version: RemoteWebDriver
	at org.openqa.selenium.remote.RemoteWebDriver.findElement(RemoteWebDriver.java:327)
	at org.openqa.selenium.remote.RemoteWebDriver.findElementById(RemoteWebDriver.java:372)
	at org.openqa.selenium.By$ById.findElement(By.java:188)
	at org.openqa.selenium.remote.RemoteWebDriver.findElement(RemoteWebDriver.java:315)
	at org.stepdefinition.Adactin_Login.user_get_the_booking_confirmation_order_no(Adactin_Login.java:183)
	at ?.User get the booking confirmation order no(src/test/resources/features/AdactinOtherCard.feature:37)
</pre></div></td>
<td>14</td>
<td>org.runner.Runner@742ff096</td></tr>
<tr>
<td title='org.runner.Runner.runScenario()'><b>runScenario</b><br>Test class: org.runner.Runner<br>Test method: Runs Cucumber Scenarios<br>Parameters: "To validate the Adactin Book hotel page", "To validate the Adactin login Funtionality"</td>
<td><div><pre>java.lang.AssertionError: expected [true] but found [false]
	at org.stepdefinition.Adactin_Login.user_is_navigating_to_BookingConfirm_page(Adactin_Login.java:170)
	at ?.User is navigating to BookingConfirm page(src/test/resources/features/AdactinVisa.feature:29)
... Removed 4 stack frames</pre></div><a href='#' onClick='toggleBox("stack-trace1573719263", this, "Click to show all stack frames", "Click to hide stack frames")'>Click to show all stack frames</a>
<div class='stack-trace' id='stack-trace1573719263'><pre>java.lang.AssertionError: expected [true] but found [false]
	at org.testng.Assert.fail(Assert.java:96)
	at org.testng.Assert.failNotEquals(Assert.java:776)
	at org.testng.Assert.assertTrue(Assert.java:44)
	at org.testng.Assert.assertTrue(Assert.java:54)
	at org.stepdefinition.Adactin_Login.user_is_navigating_to_BookingConfirm_page(Adactin_Login.java:170)
	at ?.User is navigating to BookingConfirm page(src/test/resources/features/AdactinVisa.feature:29)
</pre></div></td>
<td>3</td>
<td>org.runner.Runner@742ff096</td></tr>
<tr>
<td title='org.runner.Runner.runScenario()'><b>runScenario</b><br>Test class: org.runner.Runner<br>Test method: Runs Cucumber Scenarios<br>Parameters: "To validate the Adactin Book hotel page", "To validate the Adactin login Funtionality"</td>
<td><div><pre>java.lang.AssertionError: expected [true] but found [false]
	at org.stepdefinition.Adactin_Login.user_is_navigating_to_BookingConfirm_page(Adactin_Login.java:170)
	at ?.User is navigating to BookingConfirm page(src/test/resources/features/Adactin_Login_Page.feature:29)
... Removed 4 stack frames</pre></div><a href='#' onClick='toggleBox("stack-trace666056635", this, "Click to show all stack frames", "Click to hide stack frames")'>Click to show all stack frames</a>
<div class='stack-trace' id='stack-trace666056635'><pre>java.lang.AssertionError: expected [true] but found [false]
	at org.testng.Assert.fail(Assert.java:96)
	at org.testng.Assert.failNotEquals(Assert.java:776)
	at org.testng.Assert.assertTrue(Assert.java:44)
	at org.testng.Assert.assertTrue(Assert.java:54)
	at org.stepdefinition.Adactin_Login.user_is_navigating_to_BookingConfirm_page(Adactin_Login.java:170)
	at ?.User is navigating to BookingConfirm page(src/test/resources/features/Adactin_Login_Page.feature:29)
</pre></div></td>
<td>4</td>
<td>org.runner.Runner@742ff096</td></tr>
</table><p>
<table width='100%' border='1' class='invocation-passed'>
<tr><td colspan='4' align='center'><b>PASSED TESTS</b></td></tr>
<tr><td><b>Test method</b></td>
<td width="30%"><b>Exception</b></td>
<td width="10%"><b>Time (seconds)</b></td>
<td><b>Instance</b></td>
</tr>
<tr>
<td title='org.runner.Runner.runScenario()'><b>runScenario</b><br>Test class: org.runner.Runner<br>Test method: Runs Cucumber Scenarios<br>Parameters: "To validate the Adactin login with valid credentials", "To validate the Adactin login Funtionality"</td>
<td></td>
<td>14</td>
<td>org.runner.Runner@742ff096</td></tr>
<tr>
<td title='org.runner.Runner.runScenario()'><b>runScenario</b><br>Test class: org.runner.Runner<br>Test method: Runs Cucumber Scenarios<br>Parameters: "To validate the Adactin search hotel page with give the mandatory info to book the hotels", "To validate the Adactin login Funtionality"</td>
<td></td>
<td>9</td>
<td>org.runner.Runner@742ff096</td></tr>
<tr>
<td title='org.runner.Runner.runScenario()'><b>runScenario</b><br>Test class: org.runner.Runner<br>Test method: Runs Cucumber Scenarios<br>Parameters: "To validate the Adactin select hotel page", "To validate the Adactin login Funtionality"</td>
<td></td>
<td>2</td>
<td>org.runner.Runner@742ff096</td></tr>
<tr>
<td title='org.runner.Runner.runScenario()'><b>runScenario</b><br>Test class: org.runner.Runner<br>Test method: Runs Cucumber Scenarios<br>Parameters: "To validate the Adactin Booking Cofirm page", "To validate the Adactin login Funtionality"</td>
<td></td>
<td>5</td>
<td>org.runner.Runner@742ff096</td></tr>
<tr>
<td title='org.runner.Runner.runScenario()'><b>runScenario</b><br>Test class: org.runner.Runner<br>Test method: Runs Cucumber Scenarios<br>Parameters: "To validate the Adactin login with valid credentials", "To validate the Adactin login Funtionality"</td>
<td></td>
<td>10</td>
<td>org.runner.Runner@742ff096</td></tr>
<tr>
<td title='org.runner.Runner.runScenario()'><b>runScenario</b><br>Test class: org.runner.Runner<br>Test method: Runs Cucumber Scenarios<br>Parameters: "To validate the Adactin search hotel page with give the mandatory info to book the hotels", "To validate the Adactin login Funtionality"</td>
<td></td>
<td>4</td>
<td>org.runner.Runner@742ff096</td></tr>
<tr>
<td title='org.runner.Runner.runScenario()'><b>runScenario</b><br>Test class: org.runner.Runner<br>Test method: Runs Cucumber Scenarios<br>Parameters: "To validate the Adactin select hotel page", "To validate the Adactin login Funtionality"</td>
<td></td>
<td>2</td>
<td>org.runner.Runner@742ff096</td></tr>
<tr>
<td title='org.runner.Runner.runScenario()'><b>runScenario</b><br>Test class: org.runner.Runner<br>Test method: Runs Cucumber Scenarios<br>Parameters: "To validate the Adactin login with valid credentials", "To validate the Adactin login Funtionality"</td>
<td></td>
<td>10</td>
<td>org.runner.Runner@742ff096</td></tr>
<tr>
<td title='org.runner.Runner.runScenario()'><b>runScenario</b><br>Test class: org.runner.Runner<br>Test method: Runs Cucumber Scenarios<br>Parameters: "To validate the Adactin search hotel page with give the mandatory info to book the hotels", "To validate the Adactin login Funtionality"</td>
<td></td>
<td>5</td>
<td>org.runner.Runner@742ff096</td></tr>
<tr>
<td title='org.runner.Runner.runScenario()'><b>runScenario</b><br>Test class: org.runner.Runner<br>Test method: Runs Cucumber Scenarios<br>Parameters: "To validate the Adactin select hotel page", "To validate the Adactin login Funtionality"</td>
<td></td>
<td>2</td>
<td>org.runner.Runner@742ff096</td></tr>
<tr>
<td title='org.runner.Runner.runScenario()'><b>runScenario</b><br>Test class: org.runner.Runner<br>Test method: Runs Cucumber Scenarios<br>Parameters: "To validate the Adactin Booking Cofirm page", "To validate the Adactin login Funtionality"</td>
<td></td>
<td>5</td>
<td>org.runner.Runner@742ff096</td></tr>
<tr>
<td title='org.runner.Runner.runScenario()'><b>runScenario</b><br>Test class: org.runner.Runner<br>Test method: Runs Cucumber Scenarios<br>Parameters: "To validate the Adactin login with valid credentials", "To validate the Adactin login Funtionality"</td>
<td></td>
<td>11</td>
<td>org.runner.Runner@742ff096</td></tr>
<tr>
<td title='org.runner.Runner.runScenario()'><b>runScenario</b><br>Test class: org.runner.Runner<br>Test method: Runs Cucumber Scenarios<br>Parameters: "To validate the Adactin search hotel page with give the mandatory info to book the hotels", "To validate the Adactin login Funtionality"</td>
<td></td>
<td>4</td>
<td>org.runner.Runner@742ff096</td></tr>
<tr>
<td title='org.runner.Runner.runScenario()'><b>runScenario</b><br>Test class: org.runner.Runner<br>Test method: Runs Cucumber Scenarios<br>Parameters: "To validate the Adactin select hotel page", "To validate the Adactin login Funtionality"</td>
<td></td>
<td>2</td>
<td>org.runner.Runner@742ff096</td></tr>
<tr>
<td title='org.runner.Runner.runScenario()'><b>runScenario</b><br>Test class: org.runner.Runner<br>Test method: Runs Cucumber Scenarios<br>Parameters: "To validate the Adactin Booking Cofirm page", "To validate the Adactin login Funtionality"</td>
<td></td>
<td>5</td>
<td>org.runner.Runner@742ff096</td></tr>
</table><p>
</body>
</html>