<?xml version="1.0" encoding="UTF-8" standalone="no"?>
<testsuite failures="5" name="cucumber.runtime.formatter.JUnitFormatter" skipped="0" tests="20" time="116.677862">
    <testcase classname="To validate the Adactin login Funtionality" name="To validate the Adactin login with valid credentials" time="14.602111">
        <system-out><![CDATA[Given User has to be there in Adactin home page.............................passed
When User has to fill username and password.................................passed
And User Click the Login button.............................................passed
Then User has to be there in Adactin search hotel page......................passed
]]></system-out>
    </testcase>
    <testcase classname="To validate the Adactin login Funtionality" name="To validate the Adactin search hotel page with give the mandatory info to book the hotels" time="4.084822">
        <system-out><![CDATA[Given User has to be there in Adactin search hotel page.....................passed
When User has to enter Loaction and hotel and Room Type and Numbers of rooms and Check in date and Check out date and Adult per room and Childern per room.passed
And User click the search button............................................passed
Then User is navigating to Booking confirmation page........................passed
]]></system-out>
    </testcase>
    <testcase classname="To validate the Adactin login Funtionality" name="To validate the Adactin select hotel page" time="2.735397">
        <system-out><![CDATA[Given User has to be there in Adactin select hotel page.....................passed
When User click the Select hotel............................................passed
And User click the continue button..........................................passed
Then User is navigating to Book hotel page..................................passed
]]></system-out>
    </testcase>
    <testcase classname="To validate the Adactin login Funtionality" name="To validate the Adactin Book hotel page" time="4.356713">
        <failure message="java.lang.AssertionError: expected [true] but found [false]&#13;&#10;&#9;at org.testng.Assert.fail(Assert.java:96)&#13;&#10;&#9;at org.testng.Assert.failNotEquals(Assert.java:776)&#13;&#10;&#9;at org.testng.Assert.assertTrue(Assert.java:44)&#13;&#10;&#9;at org.testng.Assert.assertTrue(Assert.java:54)&#13;&#10;&#9;at org.stepdefinition.Adactin_Login.user_is_navigating_to_BookingConfirm_page(Adactin_Login.java:170)&#13;&#10;&#9;at ✽.User is navigating to BookingConfirm page(src/test/resources/features/AdactinMasterCard.feature:29)&#13;&#10;"><![CDATA[Given User has to be there in Adactin Book hotel page.......................passed
When User has to enter Firstname and Lastname and Billingaddress and Credit card no and "Master Card" Expirydate and CVV Number.passed
And User click the BookNow button...........................................passed
Then User is navigating to BookingConfirm page..............................failed

StackTrace:
java.lang.AssertionError: expected [true] but found [false]
	at org.testng.Assert.fail(Assert.java:96)
	at org.testng.Assert.failNotEquals(Assert.java:776)
	at org.testng.Assert.assertTrue(Assert.java:44)
	at org.testng.Assert.assertTrue(Assert.java:54)
	at org.stepdefinition.Adactin_Login.user_is_navigating_to_BookingConfirm_page(Adactin_Login.java:170)
	at ✽.User is navigating to BookingConfirm page(src/test/resources/features/AdactinMasterCard.feature:29)
]]></failure>
    </testcase>
    <testcase classname="To validate the Adactin login Funtionality" name="To validate the Adactin Booking Cofirm page" time="5.988023">
        <system-out><![CDATA[Given User has to be there in Adactin Booking Cofirm page...................passed
When User get the booking confirmation order no.............................passed
Then User is booking the room is done!!!....................................passed
]]></system-out>
    </testcase>
    <testcase classname="To validate the Adactin login Funtionality" name="To validate the Adactin login with valid credentials" time="12.553632">
        <system-out><![CDATA[Given User has to be there in Adactin home page.............................passed
When User has to fill username and password.................................passed
And User Click the Login button.............................................passed
Then User has to be there in Adactin search hotel page......................passed
]]></system-out>
    </testcase>
    <testcase classname="To validate the Adactin login Funtionality" name="To validate the Adactin search hotel page with give the mandatory info to book the hotels" time="4.737595">
        <system-out><![CDATA[Given User has to be there in Adactin search hotel page.....................passed
When User has to enter Loaction and hotel and Room Type and Numbers of rooms and Check in date and Check out date and Adult per room and Childern per room.passed
And User click the search button............................................passed
Then User is navigating to Booking confirmation page........................passed
]]></system-out>
    </testcase>
    <testcase classname="To validate the Adactin login Funtionality" name="To validate the Adactin select hotel page" time="2.538521">
        <system-out><![CDATA[Given User has to be there in Adactin select hotel page.....................passed
When User click the Select hotel............................................passed
And User click the continue button..........................................passed
Then User is navigating to Book hotel page..................................passed
]]></system-out>
    </testcase>
    <testcase classname="To validate the Adactin login Funtionality" name="To validate the Adactin Book hotel page" time="3.344531">
        <failure message="java.lang.AssertionError: expected [true] but found [false]&#13;&#10;&#9;at org.testng.Assert.fail(Assert.java:96)&#13;&#10;&#9;at org.testng.Assert.failNotEquals(Assert.java:776)&#13;&#10;&#9;at org.testng.Assert.assertTrue(Assert.java:44)&#13;&#10;&#9;at org.testng.Assert.assertTrue(Assert.java:54)&#13;&#10;&#9;at org.stepdefinition.Adactin_Login.user_is_navigating_to_BookingConfirm_page(Adactin_Login.java:170)&#13;&#10;&#9;at ✽.User is navigating to BookingConfirm page(src/test/resources/features/AdactinOtherCard.feature:29)&#13;&#10;"><![CDATA[Given User has to be there in Adactin Book hotel page.......................passed
When User has to enter Firstname and Lastname and Billingaddress and Credit card no and "Others" Expirydate and CVV Number.passed
And User click the BookNow button...........................................passed
Then User is navigating to BookingConfirm page..............................failed

StackTrace:
java.lang.AssertionError: expected [true] but found [false]
	at org.testng.Assert.fail(Assert.java:96)
	at org.testng.Assert.failNotEquals(Assert.java:776)
	at org.testng.Assert.assertTrue(Assert.java:44)
	at org.testng.Assert.assertTrue(Assert.java:54)
	at org.stepdefinition.Adactin_Login.user_is_navigating_to_BookingConfirm_page(Adactin_Login.java:170)
	at ✽.User is navigating to BookingConfirm page(src/test/resources/features/AdactinOtherCard.feature:29)
]]></failure>
    </testcase>
    <testcase classname="To validate the Adactin login Funtionality" name="To validate the Adactin Booking Cofirm page" time="3.991775">
        <failure message="org.openqa.selenium.NoSuchElementException: Cannot locate an element using id=order_no&#10;For documentation on this error, please visit: https://www.seleniumhq.org/exceptions/no_such_element.html&#10;Build info: version: '3.141.59', revision: 'e82be7d358', time: '2018-11-14T08:17:03'&#10;System info: host: 'ANUSH', ip: '192.168.1.3', os.name: 'Windows 8.1', os.arch: 'amd64', os.version: '6.3', java.version: '14.0.1'&#10;Driver info: driver.version: RemoteWebDriver&#13;&#10;&#9;at org.openqa.selenium.remote.RemoteWebDriver.findElement(RemoteWebDriver.java:327)&#13;&#10;&#9;at org.openqa.selenium.remote.RemoteWebDriver.findElementById(RemoteWebDriver.java:372)&#13;&#10;&#9;at org.openqa.selenium.By$ById.findElement(By.java:188)&#13;&#10;&#9;at org.openqa.selenium.remote.RemoteWebDriver.findElement(RemoteWebDriver.java:315)&#13;&#10;&#9;at org.stepdefinition.Adactin_Login.user_get_the_booking_confirmation_order_no(Adactin_Login.java:183)&#13;&#10;&#9;at ✽.User get the booking confirmation order no(src/test/resources/features/AdactinOtherCard.feature:37)&#13;&#10;"><![CDATA[Given User has to be there in Adactin Booking Cofirm page...................passed
When User get the booking confirmation order no.............................failed
Then User is booking the room is done!!!....................................skipped

StackTrace:
org.openqa.selenium.NoSuchElementException: Cannot locate an element using id=order_no
For documentation on this error, please visit: https://www.seleniumhq.org/exceptions/no_such_element.html
Build info: version: '3.141.59', revision: 'e82be7d358', time: '2018-11-14T08:17:03'
System info: host: 'ANUSH', ip: '192.168.1.3', os.name: 'Windows 8.1', os.arch: 'amd64', os.version: '6.3', java.version: '14.0.1'
Driver info: driver.version: RemoteWebDriver
	at org.openqa.selenium.remote.RemoteWebDriver.findElement(RemoteWebDriver.java:327)
	at org.openqa.selenium.remote.RemoteWebDriver.findElementById(RemoteWebDriver.java:372)
	at org.openqa.selenium.By$ById.findElement(By.java:188)
	at org.openqa.selenium.remote.RemoteWebDriver.findElement(RemoteWebDriver.java:315)
	at org.stepdefinition.Adactin_Login.user_get_the_booking_confirmation_order_no(Adactin_Login.java:183)
	at ✽.User get the booking confirmation order no(src/test/resources/features/AdactinOtherCard.feature:37)
]]></failure>
    </testcase>
    <testcase classname="To validate the Adactin login Funtionality" name="To validate the Adactin login with valid credentials" time="13.288766">
        <system-out><![CDATA[Given User has to be there in Adactin home page.............................passed
When User has to fill username and password.................................passed
And User Click the Login button.............................................passed
Then User has to be there in Adactin search hotel page......................passed
]]></system-out>
    </testcase>
    <testcase classname="To validate the Adactin login Funtionality" name="To validate the Adactin search hotel page with give the mandatory info to book the hotels" time="4.444983">
        <system-out><![CDATA[Given User has to be there in Adactin search hotel page.....................passed
When User has to enter Loaction and hotel and Room Type and Numbers of rooms and Check in date and Check out date and Adult per room and Childern per room.passed
And User click the search button............................................passed
Then User is navigating to Booking confirmation page........................passed
]]></system-out>
    </testcase>
    <testcase classname="To validate the Adactin login Funtionality" name="To validate the Adactin select hotel page" time="2.501481">
        <system-out><![CDATA[Given User has to be there in Adactin select hotel page.....................passed
When User click the Select hotel............................................passed
And User click the continue button..........................................passed
Then User is navigating to Book hotel page..................................passed
]]></system-out>
    </testcase>
    <testcase classname="To validate the Adactin login Funtionality" name="To validate the Adactin Book hotel page" time="4.275626">
        <failure message="java.lang.AssertionError: expected [true] but found [false]&#13;&#10;&#9;at org.testng.Assert.fail(Assert.java:96)&#13;&#10;&#9;at org.testng.Assert.failNotEquals(Assert.java:776)&#13;&#10;&#9;at org.testng.Assert.assertTrue(Assert.java:44)&#13;&#10;&#9;at org.testng.Assert.assertTrue(Assert.java:54)&#13;&#10;&#9;at org.stepdefinition.Adactin_Login.user_is_navigating_to_BookingConfirm_page(Adactin_Login.java:170)&#13;&#10;&#9;at ✽.User is navigating to BookingConfirm page(src/test/resources/features/AdactinVisa.feature:29)&#13;&#10;"><![CDATA[Given User has to be there in Adactin Book hotel page.......................passed
When User has to enter Firstname and Lastname and Billingaddress and Credit card no and "VISA" Expirydate and CVV Number.passed
And User click the BookNow button...........................................passed
Then User is navigating to BookingConfirm page..............................failed

StackTrace:
java.lang.AssertionError: expected [true] but found [false]
	at org.testng.Assert.fail(Assert.java:96)
	at org.testng.Assert.failNotEquals(Assert.java:776)
	at org.testng.Assert.assertTrue(Assert.java:44)
	at org.testng.Assert.assertTrue(Assert.java:54)
	at org.stepdefinition.Adactin_Login.user_is_navigating_to_BookingConfirm_page(Adactin_Login.java:170)
	at ✽.User is navigating to BookingConfirm page(src/test/resources/features/AdactinVisa.feature:29)
]]></failure>
    </testcase>
    <testcase classname="To validate the Adactin login Funtionality" name="To validate the Adactin Booking Cofirm page" time="5.939747">
        <system-out><![CDATA[Given User has to be there in Adactin Booking Cofirm page...................passed
When User get the booking confirmation order no.............................passed
Then User is booking the room is done!!!....................................passed
]]></system-out>
    </testcase>
    <testcase classname="To validate the Adactin login Funtionality" name="To validate the Adactin login with valid credentials" time="13.012227">
        <system-out><![CDATA[Given User has to be there in Adactin home page.............................passed
When User has to fill username and password.................................passed
And User Click the Login button.............................................passed
Then User has to be there in Adactin search hotel page......................passed
]]></system-out>
    </testcase>
    <testcase classname="To validate the Adactin login Funtionality" name="To validate the Adactin search hotel page with give the mandatory info to book the hotels" time="4.380264">
        <system-out><![CDATA[Given User has to be there in Adactin search hotel page.....................passed
When User has to enter Loaction and hotel and Room Type and Numbers of rooms and Check in date and Check out date and Adult per room and Childern per room.passed
And User click the search button............................................passed
Then User is navigating to Booking confirmation page........................passed
]]></system-out>
    </testcase>
    <testcase classname="To validate the Adactin login Funtionality" name="To validate the Adactin select hotel page" time="1.762166">
        <system-out><![CDATA[Given User has to be there in Adactin select hotel page.....................passed
When User click the Select hotel............................................passed
And User click the continue button..........................................passed
Then User is navigating to Book hotel page..................................passed
]]></system-out>
    </testcase>
    <testcase classname="To validate the Adactin login Funtionality" name="To validate the Adactin Book hotel page" time="2.344813">
        <failure message="java.lang.AssertionError: expected [true] but found [false]&#13;&#10;&#9;at org.testng.Assert.fail(Assert.java:96)&#13;&#10;&#9;at org.testng.Assert.failNotEquals(Assert.java:776)&#13;&#10;&#9;at org.testng.Assert.assertTrue(Assert.java:44)&#13;&#10;&#9;at org.testng.Assert.assertTrue(Assert.java:54)&#13;&#10;&#9;at org.stepdefinition.Adactin_Login.user_is_navigating_to_BookingConfirm_page(Adactin_Login.java:170)&#13;&#10;&#9;at ✽.User is navigating to BookingConfirm page(src/test/resources/features/Adactin_Login_Page.feature:29)&#13;&#10;"><![CDATA[Given User has to be there in Adactin Book hotel page.......................passed
When User has to enter Firstname and Lastname and Billingaddress and Credit card no and "American Express" Expirydate and CVV Number.passed
And User click the BookNow button...........................................passed
Then User is navigating to BookingConfirm page..............................failed

StackTrace:
java.lang.AssertionError: expected [true] but found [false]
	at org.testng.Assert.fail(Assert.java:96)
	at org.testng.Assert.failNotEquals(Assert.java:776)
	at org.testng.Assert.assertTrue(Assert.java:44)
	at org.testng.Assert.assertTrue(Assert.java:54)
	at org.stepdefinition.Adactin_Login.user_is_navigating_to_BookingConfirm_page(Adactin_Login.java:170)
	at ✽.User is navigating to BookingConfirm page(src/test/resources/features/Adactin_Login_Page.feature:29)
]]></failure>
    </testcase>
    <testcase classname="To validate the Adactin login Funtionality" name="To validate the Adactin Booking Cofirm page" time="5.794669">
        <system-out><![CDATA[Given User has to be there in Adactin Booking Cofirm page...................passed
When User get the booking confirmation order no.............................passed
Then User is booking the room is done!!!....................................passed
]]></system-out>
    </testcase>
</testsuite>
